2020-07-24 11:46:45,849 INFO 36374 [egg-logrotator] app logger reload: got log-reload message
2020-07-24 16:16:44,965 INFO 36374 [-/127.0.0.1/-/27ms SCHEDULE /__schedule?path=/Users/yqg/personal/projects/node_modules/egg-multipart/app/schedule/clean_tmpdir.js&type=worker&cron=0%2030%204%20*%20*%20*&immediate=false] [egg-multipart:CleanTmpdir] start clean tmpdir: "/var/folders/pf/1swybsvx3g5cp17y_79zhzwc0000gn/T/egg-multipart-tmp/nsc-service"
2020-07-24 16:16:44,990 INFO 36374 [-/127.0.0.1/-/57ms SCHEDULE /__schedule?path=/Users/yqg/personal/projects/node_modules/egg-multipart/app/schedule/clean_tmpdir.js&type=worker&cron=0%2030%204%20*%20*%20*&immediate=false] [egg-multipart:CleanTmpdir] end
2020-07-24 21:03:50,972 WARN 36374 [ClusterClient:Watcher] follower closed, and try to init it again
2020-07-24 23:04:26,031 WARN 36374 [ClusterClient:Watcher] follower closed, and try to init it again
2020-07-25 02:45:09,629 WARN 36374 [ClusterClient:Watcher] follower closed, and try to init it again
2020-07-25 04:45:25,124 WARN 36374 [TCPBase] socket is closed by other side while there were still unhandled data in the socket buffer
2020-07-25 04:45:25,127 WARN 36374 [ClusterClient:Watcher] follower closed, and try to init it again
2020-07-25 06:45:44,196 WARN 36374 [TCPBase] socket is closed by other side while there were still unhandled data in the socket buffer
2020-07-25 06:45:44,198 WARN 36374 [ClusterClient:Watcher] follower closed, and try to init it again
2020-07-25 07:34:07,333 WARN 36374 [TCPBase] socket is closed by other side while there were still unhandled data in the socket buffer
2020-07-25 07:34:07,365 WARN 36374 [ClusterClient:Watcher] follower closed, and try to init it again
2020-07-25 08:15:09,949 WARN 36374 [ClusterClient:Watcher] follower closed, and try to init it again
2020-07-25 15:27:14,609 WARN 36374 [ClusterClient:Watcher] follower closed, and try to init it again
2020-07-25 16:51:38,972 WARN 36374 [TCPBase] socket is closed by other side while there were still unhandled data in the socket buffer
2020-07-25 16:51:38,976 WARN 36374 [ClusterClient:Watcher] follower closed, and try to init it again
2020-07-25 19:04:49,185 WARN 36374 [TCPBase] socket is closed by other side while there were still unhandled data in the socket buffer
2020-07-25 19:04:49,185 WARN 36374 [ClusterClient:Watcher] follower closed, and try to init it again
2020-07-25 21:05:08,267 WARN 36374 [ClusterClient:Watcher] follower closed, and try to init it again
2020-07-25 23:45:13,391 WARN 36374 [ClusterClient:Watcher] follower closed, and try to init it again
2020-07-26 01:45:23,421 WARN 36374 [TCPBase] socket is closed by other side while there were still unhandled data in the socket buffer
2020-07-26 01:45:23,423 WARN 36374 [ClusterClient:Watcher] follower closed, and try to init it again
2020-07-26 06:37:08,737 WARN 36374 [TCPBase] socket is closed by other side while there were still unhandled data in the socket buffer
2020-07-26 06:37:08,737 WARN 36374 [ClusterClient:Watcher] follower closed, and try to init it again
2020-07-26 08:37:45,450 WARN 36374 [ClusterClient:Watcher] follower closed, and try to init it again
2020-07-26 08:48:12,484 WARN 36374 [ClusterClient:Watcher] follower closed, and try to init it again
2020-07-26 10:52:49,346 WARN 36374 [TCPBase] socket is closed by other side while there were still unhandled data in the socket buffer
2020-07-26 10:52:49,347 WARN 36374 [ClusterClient:Watcher] follower closed, and try to init it again
2020-07-26 14:53:06,244 WARN 36374 [ClusterClient:Watcher] follower closed, and try to init it again
2020-07-26 17:10:17,017 WARN 36374 [TCPBase] socket is closed by other side while there were still unhandled data in the socket buffer
2020-07-26 17:10:17,158 WARN 36374 [ClusterClient:Watcher] follower closed, and try to init it again
2020-07-26 19:18:15,595 WARN 36374 [TCPBase] socket is closed by other side while there were still unhandled data in the socket buffer
2020-07-26 19:18:15,604 WARN 36374 [ClusterClient:Watcher] follower closed, and try to init it again
2020-07-26 21:11:20,057 WARN 36374 [ClusterClient:Watcher] follower closed, and try to init it again
